<?xml version="1.0" encoding="utf-8"?><testsuites name="pytest tests"><testsuite name="pytest" errors="0" failures="0" skipped="3" tests="6" time="32.342" timestamp="2025-12-02T18:41:14.819575+05:30" hostname="DESKTOP-MVEN3PI"><testcase classname="tests.test_functional" name="test_dynamic_pages_and_forms" time="27.852"><skipped type="pytest.skip" message="Element 'username' not present on https://xelta.ai/login: Message: &#10;Stacktrace:&#10;Symbols not available. Dumping unresolved backtrace:&#10;&#09;0xee4103&#10;&#09;0xee4144&#10;&#09;0xce">D:\Matchbest\Dynamic-testing-framework\tests\test_functional.py:114: Element 'username' not present on https://xelta.ai/login: Message: 
Stacktrace:
Symbols not available. Dumping unresolved backtrace:
	0xee4103
	0xee4144
	0xce</skipped></testcase><testcase classname="tests.test_regression" name="test_homepage_hash_stable" time="0.001"><skipped type="pytest.skip" message="disabled by config: regression">D:\Matchbest\Dynamic-testing-framework\tests\test_regression.py:6: disabled by config: regression</skipped></testcase><testcase classname="tests.test_security" name="test_https_enforced" time="0.785" /><testcase classname="tests.test_security" name="test_basic_security_headers" time="0.810"><skipped type="pytest.skip" message="Missing recommended headers: content-security-policy, x-frame-options, x-content-type-options, referrer-policy">D:\Matchbest\Dynamic-testing-framework\tests\test_security.py:29: Missing recommended headers: content-security-policy, x-frame-options, x-content-type-options, referrer-policy</skipped></testcase><testcase classname="tests.test_ui" name="test_homepage_logo_visible" time="0.301" /><testcase classname="tests.test_ui" name="test_primary_cta_present" time="2.495" /></testsuite></testsuites>